 * Serving Flask app 'app' (lazy loading)
 * Environment: production
   WARNING: This is a development server. Do not use it in a production deployment.
   Use a production WSGI server instead.
 * Debug mode: off
 * Running on all addresses.
   WARNING: This is a development server. Do not use it in a production deployment.
 * Running on http://10.0.4.2:5002/ (Press CTRL+C to quit)
 * Serving Flask app 'app' (lazy loading)
 * Environment: production
   WARNING: This is a development server. Do not use it in a production deployment.
   Use a production WSGI server instead.
 * Debug mode: off
 * Running on all addresses.
   WARNING: This is a development server. Do not use it in a production deployment.
 * Running on http://10.0.4.2:5002/ (Press CTRL+C to quit)
 * Serving Flask app 'app' (lazy loading)
 * Environment: production
   WARNING: This is a development server. Do not use it in a production deployment.
   Use a production WSGI server instead.
 * Debug mode: off
 * Running on all addresses.
   WARNING: This is a development server. Do not use it in a production deployment.
 * Running on http://10.0.4.2:5002/ (Press CTRL+C to quit)
99.236.88.42 - - [16/Jul/2024 17:04:24] "GET /orders HTTP/1.1" 200 -
99.236.88.42 - - [16/Jul/2024 17:04:50] "GET /orders HTTP/1.1" 200 -
99.236.88.42 - - [16/Jul/2024 17:04:50] "GET /favicon.ico HTTP/1.1" 404 -
Traceback (most recent call last):
  File "app.py", line 2, in <module>
    from flask_cors import CORS
ModuleNotFoundError: No module named 'flask_cors'
Traceback (most recent call last):
  File "app.py", line 2, in <module>
    from flask_cors import CORS
ModuleNotFoundError: No module named 'flask_cors'
Traceback (most recent call last):
  File "app.py", line 2, in <module>
    from flask_cors import CORS
ModuleNotFoundError: No module named 'flask_cors'
Traceback (most recent call last):
  File "app.py", line 2, in <module>
    from flask_cors import CORS
ModuleNotFoundError: No module named 'flask_cors'
 * Serving Flask app 'app' (lazy loading)
 * Environment: production
   WARNING: This is a development server. Do not use it in a production deployment.
   Use a production WSGI server instead.
 * Debug mode: off
 * Running on all addresses.
   WARNING: This is a development server. Do not use it in a production deployment.
 * Running on http://10.0.4.2:5002/ (Press CTRL+C to quit)
99.236.88.42 - - [16/Jul/2024 17:17:54] "GET /orders HTTP/1.1" 200 -
99.236.88.42 - - [16/Jul/2024 17:21:16] "GET /orders HTTP/1.1" 200 -
99.236.88.42 - - [16/Jul/2024 17:21:41] "GET /orders HTTP/1.1" 200 -
